<?xml version="1.0" encoding="UTF-8"?>
<!-- Generated by org.testng.reporters.JUnitXMLReporter -->
<testsuite ignored="0" hostname="DESKTOP-T3FF633" failures="0" tests="8" name="othersuite" time="0.132" errors="0" timestamp="2022-01-25T13:43:21 IST">
  <testcase classname="testngexample.testnftwo" name="g" time="0.015"/>
  <testcase classname="testngexample.testnftwo" name="a" time="0.002"/>
  <testcase classname="testngexample.testnftwo" name="aa" time="0.002"/>
  <testcase classname="testngexample.testnftwo" name="aaa" time="0.001"/>
  <testcase classname="testngexample.testnftwo" name="aaag" time="0.002"/>
  <testcase classname="testngexample.testnftwo" name="aaag" time="0.002"/>
  <testcase classname="testngexample.testnftwo" name="aaag" time="0.002"/>
  <testcase classname="testngexample.testnftwo" name="b" time="0.002"/>
</testsuite> <!-- othersuite -->
