<?xml version="1.0" encoding="UTF-8"?>
<!-- Generated by org.testng.reporters.JUnitXMLReporter -->
<testsuite ignored="2" hostname="DESKTOP-T3FF633" failures="0" tests="1" name="Test" time="0.097" errors="0" timestamp="2022-01-25T13:43:21 IST">
  <testcase classname="testngexample.Testng_example" name="mobiletest" time="0.016"/>
  <testcase classname="testngexample.Testng_example" name="ninction11" time="0.0">
    <ignored/>
  </testcase> <!-- ninction11 -->
  <testcase classname="testngexample.Testng_example" name="Finction1" time="0.0">
    <ignored/>
  </testcase> <!-- Finction1 -->
</testsuite> <!-- Test -->
